<?xml version="1.0" encoding="UTF-8"?>
<!-- Generated by org.testng.reporters.JUnitReportReporter -->
<testsuite hostname="CBT-024" name="delta.main.DeltaDriver" tests="2" failures="0" timestamp="4 Sep 2016 11:46:20 GMT" time="27.714" errors="0">
  <testcase name="testScenarios" time="15.662" classname="delta.main.DeltaDriver"/>
  <testcase name="testScenarios" time="12.052" classname="delta.main.DeltaDriver"/>
</testsuite> <!-- delta.main.DeltaDriver -->
