<?xml version="1.0" encoding="UTF-8"?>
<!-- Generated by org.testng.reporters.JUnitReportReporter -->
<testsuite hostname="CBT-024" name="delta.main.DeltaDriver" tests="2" failures="0" timestamp="4 Sep 2016 11:55:15 GMT" time="26.752" errors="0">
  <testcase name="testScenarios" time="15.352" classname="delta.main.DeltaDriver"/>
  <testcase name="testScenarios" time="11.400" classname="delta.main.DeltaDriver"/>
</testsuite> <!-- delta.main.DeltaDriver -->
