<?xml version="1.0" encoding="UTF-8"?>
<!-- Generated by org.testng.reporters.JUnitReportReporter -->
<testsuite hostname="CBT-032" name="delta.main.DeltaDriver" tests="2" failures="0" timestamp="10 Sep 2016 10:37:16 GMT" time="117.072" errors="0">
  <testcase name="testScenarios" time="64.830" classname="delta.main.DeltaDriver"/>
  <testcase name="testScenarios" time="52.242" classname="delta.main.DeltaDriver"/>
</testsuite> <!-- delta.main.DeltaDriver -->
